[2019-12-17 09:00:00.748] [exthost] [info] extension host started
[2019-12-17 09:00:00.802] [exthost] [info] ExtensionService#_doActivateExtension vscode.debug-auto-launch {"startup":true,"extensionId":{"value":"vscode.debug-auto-launch","_lower":"vscode.debug-auto-launch"},"activationEvent":"*"}
[2019-12-17 09:00:00.802] [exthost] [info] ExtensionService#loadCommonJSModule file:///usr/share/code/resources/app/extensions/debug-auto-launch/dist/extension
[2019-12-17 09:00:00.807] [exthost] [info] ExtensionService#_doActivateExtension vscode.emmet {"startup":true,"extensionId":{"value":"vscode.emmet","_lower":"vscode.emmet"},"activationEvent":"*"}
[2019-12-17 09:00:00.807] [exthost] [info] ExtensionService#loadCommonJSModule file:///usr/share/code/resources/app/extensions/emmet/dist/extension
[2019-12-17 09:00:00.832] [exthost] [info] ExtensionService#_doActivateExtension vscode.git {"startup":true,"extensionId":{"value":"GitHub.vscode-pull-request-github","_lower":"github.vscode-pull-request-github"},"activationEvent":"*"}
[2019-12-17 09:00:00.832] [exthost] [info] ExtensionService#loadCommonJSModule file:///usr/share/code/resources/app/extensions/git/dist/main
[2019-12-17 09:00:00.877] [exthost] [info] ExtensionService#_doActivateExtension vscode.merge-conflict {"startup":true,"extensionId":{"value":"vscode.merge-conflict","_lower":"vscode.merge-conflict"},"activationEvent":"*"}
[2019-12-17 09:00:00.877] [exthost] [info] ExtensionService#loadCommonJSModule file:///usr/share/code/resources/app/extensions/merge-conflict/dist/extension
[2019-12-17 09:00:00.880] [exthost] [info] ExtensionService#_doActivateExtension vscode.search-result {"startup":true,"extensionId":{"value":"vscode.search-result","_lower":"vscode.search-result"},"activationEvent":"*"}
[2019-12-17 09:00:00.880] [exthost] [info] ExtensionService#loadCommonJSModule file:///usr/share/code/resources/app/extensions/search-result/dist/extension.js
[2019-12-17 09:00:00.881] [exthost] [info] ExtensionService#_doActivateExtension 2gua.rainbow-brackets {"startup":true,"extensionId":{"value":"2gua.rainbow-brackets","_lower":"2gua.rainbow-brackets"},"activationEvent":"*"}
[2019-12-17 09:00:00.882] [exthost] [info] ExtensionService#loadCommonJSModule file:///home/mauroslucios/.vscode/extensions/2gua.rainbow-brackets-0.0.6/out/src/extension
[2019-12-17 09:00:00.883] [exthost] [info] ExtensionService#_doActivateExtension alefragnani.Bookmarks {"startup":true,"extensionId":{"value":"alefragnani.Bookmarks","_lower":"alefragnani.bookmarks"},"activationEvent":"*"}
[2019-12-17 09:00:00.883] [exthost] [info] ExtensionService#loadCommonJSModule file:///home/mauroslucios/.vscode/extensions/alefragnani.bookmarks-10.6.0/dist/extension
[2019-12-17 09:00:00.887] [exthost] [info] ExtensionService#_doActivateExtension alefragnani.numbered-bookmarks {"startup":true,"extensionId":{"value":"alefragnani.numbered-bookmarks","_lower":"alefragnani.numbered-bookmarks"},"activationEvent":"*"}
[2019-12-17 09:00:00.887] [exthost] [info] ExtensionService#loadCommonJSModule file:///home/mauroslucios/.vscode/extensions/alefragnani.numbered-bookmarks-6.2.1/dist/extension
[2019-12-17 09:00:00.890] [exthost] [info] ExtensionService#_doActivateExtension bestvow.css-compressor {"startup":true,"extensionId":{"value":"bestvow.css-compressor","_lower":"bestvow.css-compressor"},"activationEvent":"*"}
[2019-12-17 09:00:00.890] [exthost] [info] ExtensionService#loadCommonJSModule file:///home/mauroslucios/.vscode/extensions/bestvow.css-compressor-0.0.2/out/extension
[2019-12-17 09:00:01.001] [exthost] [info] ExtensionService#_doActivateExtension CoenraadS.bracket-pair-colorizer {"startup":true,"extensionId":{"value":"CoenraadS.bracket-pair-colorizer","_lower":"coenraads.bracket-pair-colorizer"},"activationEvent":"*"}
[2019-12-17 09:00:01.001] [exthost] [info] ExtensionService#loadCommonJSModule file:///home/mauroslucios/.vscode/extensions/coenraads.bracket-pair-colorizer-1.0.61/out/src/extension
[2019-12-17 09:00:01.019] [exthost] [info] ExtensionService#_doActivateExtension CoenraadS.bracket-pair-colorizer-2 {"startup":true,"extensionId":{"value":"CoenraadS.bracket-pair-colorizer-2","_lower":"coenraads.bracket-pair-colorizer-2"},"activationEvent":"*"}
[2019-12-17 09:00:01.019] [exthost] [info] ExtensionService#loadCommonJSModule file:///home/mauroslucios/.vscode/extensions/coenraads.bracket-pair-colorizer-2-0.0.29/out/src/extension
[2019-12-17 09:00:01.035] [exthost] [info] ExtensionService#_doActivateExtension dbaeumer.vscode-eslint {"startup":true,"extensionId":{"value":"dbaeumer.vscode-eslint","_lower":"dbaeumer.vscode-eslint"},"activationEvent":"*"}
[2019-12-17 09:00:01.035] [exthost] [info] ExtensionService#loadCommonJSModule file:///home/mauroslucios/.vscode/extensions/dbaeumer.vscode-eslint-2.0.6/client/out/extension
[2019-12-17 09:00:01.050] [exthost] [info] ExtensionService#_doActivateExtension eamodio.gitlens {"startup":true,"extensionId":{"value":"eamodio.gitlens","_lower":"eamodio.gitlens"},"activationEvent":"*"}
[2019-12-17 09:00:01.050] [exthost] [info] ExtensionService#loadCommonJSModule file:///home/mauroslucios/.vscode/extensions/eamodio.gitlens-10.2.0/dist/extension
[2019-12-17 09:00:01.104] [exthost] [info] ExtensionService#_doActivateExtension EditorConfig.EditorConfig {"startup":true,"extensionId":{"value":"EditorConfig.EditorConfig","_lower":"editorconfig.editorconfig"},"activationEvent":"*"}
[2019-12-17 09:00:01.105] [exthost] [info] ExtensionService#loadCommonJSModule file:///home/mauroslucios/.vscode/extensions/editorconfig.editorconfig-0.14.3/out/editorConfigMain.js
[2019-12-17 09:00:01.128] [exthost] [info] ExtensionService#_doActivateExtension formulahendry.auto-close-tag {"startup":true,"extensionId":{"value":"formulahendry.auto-close-tag","_lower":"formulahendry.auto-close-tag"},"activationEvent":"*"}
[2019-12-17 09:00:01.128] [exthost] [info] ExtensionService#loadCommonJSModule file:///home/mauroslucios/.vscode/extensions/formulahendry.auto-close-tag-0.5.6/out/src/extension
[2019-12-17 09:00:01.130] [exthost] [info] ExtensionService#_doActivateExtension formulahendry.auto-rename-tag {"startup":true,"extensionId":{"value":"formulahendry.auto-rename-tag","_lower":"formulahendry.auto-rename-tag"},"activationEvent":"*"}
[2019-12-17 09:00:01.130] [exthost] [info] ExtensionService#loadCommonJSModule file:///home/mauroslucios/.vscode/extensions/formulahendry.auto-rename-tag-0.1.1/out/src/extension
[2019-12-17 09:00:01.133] [exthost] [info] ExtensionService#_doActivateExtension jakethashi.vscode-angular2-emmet {"startup":true,"extensionId":{"value":"jakethashi.vscode-angular2-emmet","_lower":"jakethashi.vscode-angular2-emmet"},"activationEvent":"*"}
[2019-12-17 09:00:01.133] [exthost] [info] ExtensionService#loadCommonJSModule file:///home/mauroslucios/.vscode/extensions/jakethashi.vscode-angular2-emmet-2.0.3/out/src/extension
[2019-12-17 09:00:01.219] [exthost] [info] ExtensionService#_doActivateExtension kamikillerto.vscode-colorize {"startup":true,"extensionId":{"value":"kamikillerto.vscode-colorize","_lower":"kamikillerto.vscode-colorize"},"activationEvent":"*"}
[2019-12-17 09:00:01.219] [exthost] [info] ExtensionService#loadCommonJSModule file:///home/mauroslucios/.vscode/extensions/kamikillerto.vscode-colorize-0.8.15/out/src/extension
[2019-12-17 09:00:01.259] [exthost] [info] ExtensionService#_doActivateExtension kevinkyang.auto-comment-blocks {"startup":true,"extensionId":{"value":"kevinkyang.auto-comment-blocks","_lower":"kevinkyang.auto-comment-blocks"},"activationEvent":"*"}
[2019-12-17 09:00:01.259] [exthost] [info] ExtensionService#loadCommonJSModule file:///home/mauroslucios/.vscode/extensions/kevinkyang.auto-comment-blocks-1.0.1/out/src/extension
[2019-12-17 09:00:01.263] [exthost] [info] ExtensionService#_doActivateExtension KnisterPeter.vscode-github {"startup":true,"extensionId":{"value":"KnisterPeter.vscode-github","_lower":"knisterpeter.vscode-github"},"activationEvent":"*"}
[2019-12-17 09:00:01.263] [exthost] [info] ExtensionService#loadCommonJSModule file:///home/mauroslucios/.vscode/extensions/knisterpeter.vscode-github-0.30.3/out/src/main
[2019-12-17 09:00:01.537] [exthost] [info] ExtensionService#_doActivateExtension LaurentTreguier.vscode-simple-icons {"startup":true,"extensionId":{"value":"LaurentTreguier.vscode-simple-icons","_lower":"laurenttreguier.vscode-simple-icons"},"activationEvent":"*"}
[2019-12-17 09:00:01.537] [exthost] [info] ExtensionService#loadCommonJSModule file:///home/mauroslucios/.vscode/extensions/laurenttreguier.vscode-simple-icons-1.11.11/out/extension
[2019-12-17 09:00:01.539] [exthost] [info] ExtensionService#_doActivateExtension mcright.auto-save {"startup":true,"extensionId":{"value":"mcright.auto-save","_lower":"mcright.auto-save"},"activationEvent":"*"}
[2019-12-17 09:00:01.539] [exthost] [info] ExtensionService#loadCommonJSModule file:///home/mauroslucios/.vscode/extensions/mcright.auto-save-1.0.3/extension.js
[2019-12-17 09:00:01.540] [exthost] [info] ExtensionService#_doActivateExtension ms-vscode.sublime-keybindings {"startup":true,"extensionId":{"value":"ms-vscode.sublime-keybindings","_lower":"ms-vscode.sublime-keybindings"},"activationEvent":"*"}
[2019-12-17 09:00:01.540] [exthost] [info] ExtensionService#loadCommonJSModule file:///home/mauroslucios/.vscode/extensions/ms-vscode.sublime-keybindings-4.0.6/out/extension
[2019-12-17 09:00:01.546] [exthost] [info] ExtensionService#_doActivateExtension ms-vsliveshare.vsliveshare {"startup":true,"extensionId":{"value":"ms-vsliveshare.vsliveshare","_lower":"ms-vsliveshare.vsliveshare"},"activationEvent":"*"}
[2019-12-17 09:00:01.546] [exthost] [info] ExtensionService#loadCommonJSModule file:///home/mauroslucios/.vscode/extensions/ms-vsliveshare.vsliveshare-1.0.1377/out/prod/extension-prod
[2019-12-17 09:00:01.893] [exthost] [info] ExtensionService#_doActivateExtension PKief.material-icon-theme {"startup":true,"extensionId":{"value":"PKief.material-icon-theme","_lower":"pkief.material-icon-theme"},"activationEvent":"*"}
[2019-12-17 09:00:01.893] [exthost] [info] ExtensionService#loadCommonJSModule file:///home/mauroslucios/.vscode/extensions/pkief.material-icon-theme-3.9.2/dist/extension
[2019-12-17 09:00:01.908] [exthost] [info] ExtensionService#_doActivateExtension ritwickdey.LiveServer {"startup":true,"extensionId":{"value":"ritwickdey.LiveServer","_lower":"ritwickdey.liveserver"},"activationEvent":"*"}
[2019-12-17 09:00:01.908] [exthost] [info] ExtensionService#loadCommonJSModule file:///home/mauroslucios/.vscode/extensions/ritwickdey.liveserver-5.6.1/out/src/extension
[2019-12-17 09:00:02.412] [exthost] [info] ExtensionService#_doActivateExtension Shan.code-settings-sync {"startup":true,"extensionId":{"value":"Shan.code-settings-sync","_lower":"shan.code-settings-sync"},"activationEvent":"*"}
[2019-12-17 09:00:02.412] [exthost] [info] ExtensionService#loadCommonJSModule file:///home/mauroslucios/.vscode/extensions/shan.code-settings-sync-3.4.3/out/extension.js
[2019-12-17 09:00:02.560] [exthost] [info] ExtensionService#_doActivateExtension shyykoserhiy.vscode-spotify {"startup":true,"extensionId":{"value":"shyykoserhiy.vscode-spotify","_lower":"shyykoserhiy.vscode-spotify"},"activationEvent":"*"}
[2019-12-17 09:00:02.560] [exthost] [info] ExtensionService#loadCommonJSModule file:///home/mauroslucios/.vscode/extensions/shyykoserhiy.vscode-spotify-3.1.0/out/src/extension
[2019-12-17 09:00:02.834] [exthost] [info] ExtensionService#_doActivateExtension Sophisticode.php-formatter {"startup":true,"extensionId":{"value":"Sophisticode.php-formatter","_lower":"sophisticode.php-formatter"},"activationEvent":"*"}
[2019-12-17 09:00:02.834] [exthost] [info] ExtensionService#loadCommonJSModule file:///home/mauroslucios/.vscode/extensions/sophisticode.php-formatter-0.2.4/out/extension
[2019-12-17 09:00:02.844] [exthost] [info] ExtensionService#_doActivateExtension sporiley.css-auto-prefix {"startup":true,"extensionId":{"value":"sporiley.css-auto-prefix","_lower":"sporiley.css-auto-prefix"},"activationEvent":"*"}
[2019-12-17 09:00:02.844] [exthost] [info] ExtensionService#loadCommonJSModule file:///home/mauroslucios/.vscode/extensions/sporiley.css-auto-prefix-0.1.7/extension
[2019-12-17 09:00:02.846] [exthost] [info] ExtensionService#_doActivateExtension vscode-icons-team.vscode-icons {"startup":true,"extensionId":{"value":"vscode-icons-team.vscode-icons","_lower":"vscode-icons-team.vscode-icons"},"activationEvent":"*"}
[2019-12-17 09:00:02.846] [exthost] [info] ExtensionService#loadCommonJSModule file:///home/mauroslucios/.vscode/extensions/vscode-icons-team.vscode-icons-9.6.0/dist/src/vscode-icons.bundle.js
[2019-12-17 09:00:02.913] [exthost] [info] ExtensionService#_doActivateExtension YouMayCallMeV.vscode-java-saber {"startup":true,"extensionId":{"value":"YouMayCallMeV.vscode-java-saber","_lower":"youmaycallmev.vscode-java-saber"},"activationEvent":"*"}
[2019-12-17 09:00:02.913] [exthost] [info] ExtensionService#loadCommonJSModule file:///home/mauroslucios/.vscode/extensions/youmaycallmev.vscode-java-saber-0.1.1/extension
[2019-12-17 09:00:03.184] [exthost] [info] ExtensionService#_doActivateExtension vscode.npm {"startup":true,"extensionId":{"value":"vscode.npm","_lower":"vscode.npm"},"activationEvent":"workspaceContains:package.json"}
[2019-12-17 09:00:03.184] [exthost] [info] ExtensionService#loadCommonJSModule file:///usr/share/code/resources/app/extensions/npm/dist/main
[2019-12-17 09:00:03.578] [exthost] [info] ExtensionService#_doActivateExtension GitHub.vscode-pull-request-github {"startup":false,"extensionId":{"value":"GitHub.vscode-pull-request-github","_lower":"github.vscode-pull-request-github"},"activationEvent":"*"}
[2019-12-17 09:00:03.578] [exthost] [info] ExtensionService#loadCommonJSModule file:///home/mauroslucios/.vscode/extensions/github.vscode-pull-request-github-0.13.0/media/extension
[2019-12-17 09:00:03.898] [exthost] [info] eager extensions activated
[2019-12-17 09:00:04.316] [exthost] [info] ExtensionService#_doActivateExtension vscode.html-language-features {"startup":false,"extensionId":{"value":"vscode.html-language-features","_lower":"vscode.html-language-features"},"activationEvent":"onLanguage:html"}
[2019-12-17 09:00:04.317] [exthost] [info] ExtensionService#loadCommonJSModule file:///usr/share/code/resources/app/extensions/html-language-features/client/dist/htmlMain
[2019-12-17 09:00:04.359] [exthost] [info] ExtensionService#_doActivateExtension lonefy.vscode-JS-CSS-HTML-formatter {"startup":false,"extensionId":{"value":"lonefy.vscode-JS-CSS-HTML-formatter","_lower":"lonefy.vscode-js-css-html-formatter"},"activationEvent":"onLanguage:html"}
[2019-12-17 09:00:04.360] [exthost] [info] ExtensionService#loadCommonJSModule file:///home/mauroslucios/.vscode/extensions/lonefy.vscode-js-css-html-formatter-0.2.3/out/src/extension
[2019-12-17 09:21:50.897] [exthost] [info] extension host started
[2019-12-17 09:21:51.135] [exthost] [info] ExtensionService#_doActivateExtension vscode.debug-auto-launch {"startup":true,"extensionId":{"value":"vscode.debug-auto-launch","_lower":"vscode.debug-auto-launch"},"activationEvent":"*"}
[2019-12-17 09:21:51.135] [exthost] [info] ExtensionService#loadCommonJSModule file:///usr/share/code/resources/app/extensions/debug-auto-launch/dist/extension
[2019-12-17 09:21:51.144] [exthost] [info] ExtensionService#_doActivateExtension vscode.emmet {"startup":true,"extensionId":{"value":"vscode.emmet","_lower":"vscode.emmet"},"activationEvent":"*"}
[2019-12-17 09:21:51.144] [exthost] [info] ExtensionService#loadCommonJSModule file:///usr/share/code/resources/app/extensions/emmet/dist/extension
[2019-12-17 09:21:51.156] [exthost] [info] ExtensionService#_doActivateExtension vscode.git {"startup":true,"extensionId":{"value":"GitHub.vscode-pull-request-github","_lower":"github.vscode-pull-request-github"},"activationEvent":"*"}
[2019-12-17 09:21:51.156] [exthost] [info] ExtensionService#loadCommonJSModule file:///usr/share/code/resources/app/extensions/git/dist/main
[2019-12-17 09:21:51.179] [exthost] [info] ExtensionService#_doActivateExtension vscode.merge-conflict {"startup":true,"extensionId":{"value":"vscode.merge-conflict","_lower":"vscode.merge-conflict"},"activationEvent":"*"}
[2019-12-17 09:21:51.179] [exthost] [info] ExtensionService#loadCommonJSModule file:///usr/share/code/resources/app/extensions/merge-conflict/dist/extension
[2019-12-17 09:21:51.182] [exthost] [info] ExtensionService#_doActivateExtension vscode.search-result {"startup":true,"extensionId":{"value":"vscode.search-result","_lower":"vscode.search-result"},"activationEvent":"*"}
[2019-12-17 09:21:51.182] [exthost] [info] ExtensionService#loadCommonJSModule file:///usr/share/code/resources/app/extensions/search-result/dist/extension.js
[2019-12-17 09:21:51.184] [exthost] [info] ExtensionService#_doActivateExtension 2gua.rainbow-brackets {"startup":true,"extensionId":{"value":"2gua.rainbow-brackets","_lower":"2gua.rainbow-brackets"},"activationEvent":"*"}
[2019-12-17 09:21:51.184] [exthost] [info] ExtensionService#loadCommonJSModule file:///home/mauroslucios/.vscode/extensions/2gua.rainbow-brackets-0.0.6/out/src/extension
[2019-12-17 09:21:51.186] [exthost] [info] ExtensionService#_doActivateExtension alefragnani.Bookmarks {"startup":true,"extensionId":{"value":"alefragnani.Bookmarks","_lower":"alefragnani.bookmarks"},"activationEvent":"*"}
[2019-12-17 09:21:51.186] [exthost] [info] ExtensionService#loadCommonJSModule file:///home/mauroslucios/.vscode/extensions/alefragnani.bookmarks-10.6.0/dist/extension
[2019-12-17 09:21:51.189] [exthost] [info] ExtensionService#_doActivateExtension alefragnani.numbered-bookmarks {"startup":true,"extensionId":{"value":"alefragnani.numbered-bookmarks","_lower":"alefragnani.numbered-bookmarks"},"activationEvent":"*"}
[2019-12-17 09:21:51.189] [exthost] [info] ExtensionService#loadCommonJSModule file:///home/mauroslucios/.vscode/extensions/alefragnani.numbered-bookmarks-6.2.1/dist/extension
[2019-12-17 09:21:51.191] [exthost] [info] ExtensionService#_doActivateExtension bestvow.css-compressor {"startup":true,"extensionId":{"value":"bestvow.css-compressor","_lower":"bestvow.css-compressor"},"activationEvent":"*"}
[2019-12-17 09:21:51.191] [exthost] [info] ExtensionService#loadCommonJSModule file:///home/mauroslucios/.vscode/extensions/bestvow.css-compressor-0.0.2/out/extension
[2019-12-17 09:21:51.270] [exthost] [info] ExtensionService#_doActivateExtension CoenraadS.bracket-pair-colorizer {"startup":true,"extensionId":{"value":"CoenraadS.bracket-pair-colorizer","_lower":"coenraads.bracket-pair-colorizer"},"activationEvent":"*"}
[2019-12-17 09:21:51.270] [exthost] [info] ExtensionService#loadCommonJSModule file:///home/mauroslucios/.vscode/extensions/coenraads.bracket-pair-colorizer-1.0.61/out/src/extension
[2019-12-17 09:21:51.292] [exthost] [info] ExtensionService#_doActivateExtension CoenraadS.bracket-pair-colorizer-2 {"startup":true,"extensionId":{"value":"CoenraadS.bracket-pair-colorizer-2","_lower":"coenraads.bracket-pair-colorizer-2"},"activationEvent":"*"}
[2019-12-17 09:21:51.292] [exthost] [info] ExtensionService#loadCommonJSModule file:///home/mauroslucios/.vscode/extensions/coenraads.bracket-pair-colorizer-2-0.0.29/out/src/extension
[2019-12-17 09:21:51.305] [exthost] [info] ExtensionService#_doActivateExtension dbaeumer.vscode-eslint {"startup":true,"extensionId":{"value":"dbaeumer.vscode-eslint","_lower":"dbaeumer.vscode-eslint"},"activationEvent":"*"}
[2019-12-17 09:21:51.305] [exthost] [info] ExtensionService#loadCommonJSModule file:///home/mauroslucios/.vscode/extensions/dbaeumer.vscode-eslint-2.0.6/client/out/extension
[2019-12-17 09:21:51.341] [exthost] [info] ExtensionService#_doActivateExtension eamodio.gitlens {"startup":true,"extensionId":{"value":"eamodio.gitlens","_lower":"eamodio.gitlens"},"activationEvent":"*"}
[2019-12-17 09:21:51.341] [exthost] [info] ExtensionService#loadCommonJSModule file:///home/mauroslucios/.vscode/extensions/eamodio.gitlens-10.2.0/dist/extension
[2019-12-17 09:21:51.401] [exthost] [info] ExtensionService#_doActivateExtension EditorConfig.EditorConfig {"startup":true,"extensionId":{"value":"EditorConfig.EditorConfig","_lower":"editorconfig.editorconfig"},"activationEvent":"*"}
[2019-12-17 09:21:51.401] [exthost] [info] ExtensionService#loadCommonJSModule file:///home/mauroslucios/.vscode/extensions/editorconfig.editorconfig-0.14.3/out/editorConfigMain.js
[2019-12-17 09:21:51.518] [exthost] [info] ExtensionService#_doActivateExtension formulahendry.auto-close-tag {"startup":true,"extensionId":{"value":"formulahendry.auto-close-tag","_lower":"formulahendry.auto-close-tag"},"activationEvent":"*"}
[2019-12-17 09:21:51.518] [exthost] [info] ExtensionService#loadCommonJSModule file:///home/mauroslucios/.vscode/extensions/formulahendry.auto-close-tag-0.5.6/out/src/extension
[2019-12-17 09:21:51.519] [exthost] [info] ExtensionService#_doActivateExtension formulahendry.auto-rename-tag {"startup":true,"extensionId":{"value":"formulahendry.auto-rename-tag","_lower":"formulahendry.auto-rename-tag"},"activationEvent":"*"}
[2019-12-17 09:21:51.519] [exthost] [info] ExtensionService#loadCommonJSModule file:///home/mauroslucios/.vscode/extensions/formulahendry.auto-rename-tag-0.1.1/out/src/extension
[2019-12-17 09:21:51.520] [exthost] [info] ExtensionService#_doActivateExtension jakethashi.vscode-angular2-emmet {"startup":true,"extensionId":{"value":"jakethashi.vscode-angular2-emmet","_lower":"jakethashi.vscode-angular2-emmet"},"activationEvent":"*"}
[2019-12-17 09:21:51.520] [exthost] [info] ExtensionService#loadCommonJSModule file:///home/mauroslucios/.vscode/extensions/jakethashi.vscode-angular2-emmet-2.0.3/out/src/extension
[2019-12-17 09:21:51.581] [exthost] [info] ExtensionService#_doActivateExtension kamikillerto.vscode-colorize {"startup":true,"extensionId":{"value":"kamikillerto.vscode-colorize","_lower":"kamikillerto.vscode-colorize"},"activationEvent":"*"}
[2019-12-17 09:21:51.581] [exthost] [info] ExtensionService#loadCommonJSModule file:///home/mauroslucios/.vscode/extensions/kamikillerto.vscode-colorize-0.8.15/out/src/extension
[2019-12-17 09:21:51.601] [exthost] [info] ExtensionService#_doActivateExtension kevinkyang.auto-comment-blocks {"startup":true,"extensionId":{"value":"kevinkyang.auto-comment-blocks","_lower":"kevinkyang.auto-comment-blocks"},"activationEvent":"*"}
[2019-12-17 09:21:51.601] [exthost] [info] ExtensionService#loadCommonJSModule file:///home/mauroslucios/.vscode/extensions/kevinkyang.auto-comment-blocks-1.0.1/out/src/extension
[2019-12-17 09:21:51.603] [exthost] [info] ExtensionService#_doActivateExtension KnisterPeter.vscode-github {"startup":true,"extensionId":{"value":"KnisterPeter.vscode-github","_lower":"knisterpeter.vscode-github"},"activationEvent":"*"}
[2019-12-17 09:21:51.603] [exthost] [info] ExtensionService#loadCommonJSModule file:///home/mauroslucios/.vscode/extensions/knisterpeter.vscode-github-0.30.3/out/src/main
[2019-12-17 09:21:51.750] [exthost] [info] ExtensionService#_doActivateExtension LaurentTreguier.vscode-simple-icons {"startup":true,"extensionId":{"value":"LaurentTreguier.vscode-simple-icons","_lower":"laurenttreguier.vscode-simple-icons"},"activationEvent":"*"}
[2019-12-17 09:21:51.750] [exthost] [info] ExtensionService#loadCommonJSModule file:///home/mauroslucios/.vscode/extensions/laurenttreguier.vscode-simple-icons-1.11.11/out/extension
[2019-12-17 09:21:51.751] [exthost] [info] ExtensionService#_doActivateExtension mcright.auto-save {"startup":true,"extensionId":{"value":"mcright.auto-save","_lower":"mcright.auto-save"},"activationEvent":"*"}
[2019-12-17 09:21:51.751] [exthost] [info] ExtensionService#loadCommonJSModule file:///home/mauroslucios/.vscode/extensions/mcright.auto-save-1.0.3/extension.js
[2019-12-17 09:21:51.752] [exthost] [info] ExtensionService#_doActivateExtension ms-vscode.sublime-keybindings {"startup":true,"extensionId":{"value":"ms-vscode.sublime-keybindings","_lower":"ms-vscode.sublime-keybindings"},"activationEvent":"*"}
[2019-12-17 09:21:51.752] [exthost] [info] ExtensionService#loadCommonJSModule file:///home/mauroslucios/.vscode/extensions/ms-vscode.sublime-keybindings-4.0.6/out/extension
[2019-12-17 09:21:51.755] [exthost] [info] ExtensionService#_doActivateExtension ms-vsliveshare.vsliveshare {"startup":true,"extensionId":{"value":"ms-vsliveshare.vsliveshare","_lower":"ms-vsliveshare.vsliveshare"},"activationEvent":"*"}
[2019-12-17 09:21:51.755] [exthost] [info] ExtensionService#loadCommonJSModule file:///home/mauroslucios/.vscode/extensions/ms-vsliveshare.vsliveshare-1.0.1377/out/prod/extension-prod
[2019-12-17 09:21:52.053] [exthost] [info] ExtensionService#_doActivateExtension PKief.material-icon-theme {"startup":true,"extensionId":{"value":"PKief.material-icon-theme","_lower":"pkief.material-icon-theme"},"activationEvent":"*"}
[2019-12-17 09:21:52.053] [exthost] [info] ExtensionService#loadCommonJSModule file:///home/mauroslucios/.vscode/extensions/pkief.material-icon-theme-3.9.2/dist/extension
[2019-12-17 09:21:52.057] [exthost] [info] ExtensionService#_doActivateExtension ritwickdey.LiveServer {"startup":true,"extensionId":{"value":"ritwickdey.LiveServer","_lower":"ritwickdey.liveserver"},"activationEvent":"*"}
[2019-12-17 09:21:52.057] [exthost] [info] ExtensionService#loadCommonJSModule file:///home/mauroslucios/.vscode/extensions/ritwickdey.liveserver-5.6.1/out/src/extension
[2019-12-17 09:21:52.321] [exthost] [info] ExtensionService#_doActivateExtension Shan.code-settings-sync {"startup":true,"extensionId":{"value":"Shan.code-settings-sync","_lower":"shan.code-settings-sync"},"activationEvent":"*"}
[2019-12-17 09:21:52.321] [exthost] [info] ExtensionService#loadCommonJSModule file:///home/mauroslucios/.vscode/extensions/shan.code-settings-sync-3.4.3/out/extension.js
[2019-12-17 09:21:52.475] [exthost] [info] ExtensionService#_doActivateExtension shyykoserhiy.vscode-spotify {"startup":true,"extensionId":{"value":"shyykoserhiy.vscode-spotify","_lower":"shyykoserhiy.vscode-spotify"},"activationEvent":"*"}
[2019-12-17 09:21:52.475] [exthost] [info] ExtensionService#loadCommonJSModule file:///home/mauroslucios/.vscode/extensions/shyykoserhiy.vscode-spotify-3.1.0/out/src/extension
[2019-12-17 09:21:52.658] [exthost] [info] ExtensionService#_doActivateExtension Sophisticode.php-formatter {"startup":true,"extensionId":{"value":"Sophisticode.php-formatter","_lower":"sophisticode.php-formatter"},"activationEvent":"*"}
[2019-12-17 09:21:52.658] [exthost] [info] ExtensionService#loadCommonJSModule file:///home/mauroslucios/.vscode/extensions/sophisticode.php-formatter-0.2.4/out/extension
[2019-12-17 09:21:52.665] [exthost] [info] ExtensionService#_doActivateExtension sporiley.css-auto-prefix {"startup":true,"extensionId":{"value":"sporiley.css-auto-prefix","_lower":"sporiley.css-auto-prefix"},"activationEvent":"*"}
[2019-12-17 09:21:52.666] [exthost] [info] ExtensionService#loadCommonJSModule file:///home/mauroslucios/.vscode/extensions/sporiley.css-auto-prefix-0.1.7/extension
[2019-12-17 09:21:52.667] [exthost] [info] ExtensionService#_doActivateExtension vscode-icons-team.vscode-icons {"startup":true,"extensionId":{"value":"vscode-icons-team.vscode-icons","_lower":"vscode-icons-team.vscode-icons"},"activationEvent":"*"}
[2019-12-17 09:21:52.667] [exthost] [info] ExtensionService#loadCommonJSModule file:///home/mauroslucios/.vscode/extensions/vscode-icons-team.vscode-icons-9.6.0/dist/src/vscode-icons.bundle.js
[2019-12-17 09:21:52.690] [exthost] [info] ExtensionService#_doActivateExtension YouMayCallMeV.vscode-java-saber {"startup":true,"extensionId":{"value":"YouMayCallMeV.vscode-java-saber","_lower":"youmaycallmev.vscode-java-saber"},"activationEvent":"*"}
[2019-12-17 09:21:52.690] [exthost] [info] ExtensionService#loadCommonJSModule file:///home/mauroslucios/.vscode/extensions/youmaycallmev.vscode-java-saber-0.1.1/extension
[2019-12-17 09:21:53.178] [exthost] [info] ExtensionService#_doActivateExtension GitHub.vscode-pull-request-github {"startup":false,"extensionId":{"value":"GitHub.vscode-pull-request-github","_lower":"github.vscode-pull-request-github"},"activationEvent":"*"}
[2019-12-17 09:21:53.178] [exthost] [info] ExtensionService#loadCommonJSModule file:///home/mauroslucios/.vscode/extensions/github.vscode-pull-request-github-0.13.0/media/extension
[2019-12-17 09:21:53.319] [exthost] [info] eager extensions activated
[2019-12-17 09:44:56.572] [exthost] [info] extension host started
[2019-12-17 09:44:56.606] [exthost] [info] ExtensionService#_doActivateExtension vscode.debug-auto-launch {"startup":true,"extensionId":{"value":"vscode.debug-auto-launch","_lower":"vscode.debug-auto-launch"},"activationEvent":"*"}
[2019-12-17 09:44:56.606] [exthost] [info] ExtensionService#loadCommonJSModule file:///usr/share/code/resources/app/extensions/debug-auto-launch/dist/extension
[2019-12-17 09:44:56.614] [exthost] [info] ExtensionService#_doActivateExtension vscode.emmet {"startup":true,"extensionId":{"value":"vscode.emmet","_lower":"vscode.emmet"},"activationEvent":"*"}
[2019-12-17 09:44:56.614] [exthost] [info] ExtensionService#loadCommonJSModule file:///usr/share/code/resources/app/extensions/emmet/dist/extension
[2019-12-17 09:44:56.624] [exthost] [info] ExtensionService#_doActivateExtension vscode.git {"startup":true,"extensionId":{"value":"GitHub.vscode-pull-request-github","_lower":"github.vscode-pull-request-github"},"activationEvent":"*"}
[2019-12-17 09:44:56.624] [exthost] [info] ExtensionService#loadCommonJSModule file:///usr/share/code/resources/app/extensions/git/dist/main
[2019-12-17 09:44:56.639] [exthost] [info] ExtensionService#_doActivateExtension vscode.merge-conflict {"startup":true,"extensionId":{"value":"vscode.merge-conflict","_lower":"vscode.merge-conflict"},"activationEvent":"*"}
[2019-12-17 09:44:56.639] [exthost] [info] ExtensionService#loadCommonJSModule file:///usr/share/code/resources/app/extensions/merge-conflict/dist/extension
[2019-12-17 09:44:56.641] [exthost] [info] ExtensionService#_doActivateExtension vscode.search-result {"startup":true,"extensionId":{"value":"vscode.search-result","_lower":"vscode.search-result"},"activationEvent":"*"}
[2019-12-17 09:44:56.641] [exthost] [info] ExtensionService#loadCommonJSModule file:///usr/share/code/resources/app/extensions/search-result/dist/extension.js
[2019-12-17 09:44:56.642] [exthost] [info] ExtensionService#_doActivateExtension 2gua.rainbow-brackets {"startup":true,"extensionId":{"value":"2gua.rainbow-brackets","_lower":"2gua.rainbow-brackets"},"activationEvent":"*"}
[2019-12-17 09:44:56.642] [exthost] [info] ExtensionService#loadCommonJSModule file:///home/mauroslucios/.vscode/extensions/2gua.rainbow-brackets-0.0.6/out/src/extension
[2019-12-17 09:44:56.643] [exthost] [info] ExtensionService#_doActivateExtension alefragnani.Bookmarks {"startup":true,"extensionId":{"value":"alefragnani.Bookmarks","_lower":"alefragnani.bookmarks"},"activationEvent":"*"}
[2019-12-17 09:44:56.643] [exthost] [info] ExtensionService#loadCommonJSModule file:///home/mauroslucios/.vscode/extensions/alefragnani.bookmarks-10.6.0/dist/extension
[2019-12-17 09:44:56.645] [exthost] [info] ExtensionService#_doActivateExtension alefragnani.numbered-bookmarks {"startup":true,"extensionId":{"value":"alefragnani.numbered-bookmarks","_lower":"alefragnani.numbered-bookmarks"},"activationEvent":"*"}
[2019-12-17 09:44:56.645] [exthost] [info] ExtensionService#loadCommonJSModule file:///home/mauroslucios/.vscode/extensions/alefragnani.numbered-bookmarks-6.2.1/dist/extension
[2019-12-17 09:44:56.646] [exthost] [info] ExtensionService#_doActivateExtension bestvow.css-compressor {"startup":true,"extensionId":{"value":"bestvow.css-compressor","_lower":"bestvow.css-compressor"},"activationEvent":"*"}
[2019-12-17 09:44:56.646] [exthost] [info] ExtensionService#loadCommonJSModule file:///home/mauroslucios/.vscode/extensions/bestvow.css-compressor-0.0.2/out/extension
[2019-12-17 09:44:56.722] [exthost] [info] ExtensionService#_doActivateExtension CoenraadS.bracket-pair-colorizer {"startup":true,"extensionId":{"value":"CoenraadS.bracket-pair-colorizer","_lower":"coenraads.bracket-pair-colorizer"},"activationEvent":"*"}
[2019-12-17 09:44:56.722] [exthost] [info] ExtensionService#loadCommonJSModule file:///home/mauroslucios/.vscode/extensions/coenraads.bracket-pair-colorizer-1.0.61/out/src/extension
[2019-12-17 09:44:56.747] [exthost] [info] ExtensionService#_doActivateExtension CoenraadS.bracket-pair-colorizer-2 {"startup":true,"extensionId":{"value":"CoenraadS.bracket-pair-colorizer-2","_lower":"coenraads.bracket-pair-colorizer-2"},"activationEvent":"*"}
[2019-12-17 09:44:56.747] [exthost] [info] ExtensionService#loadCommonJSModule file:///home/mauroslucios/.vscode/extensions/coenraads.bracket-pair-colorizer-2-0.0.29/out/src/extension
[2019-12-17 09:44:56.774] [exthost] [info] ExtensionService#_doActivateExtension dbaeumer.vscode-eslint {"startup":true,"extensionId":{"value":"dbaeumer.vscode-eslint","_lower":"dbaeumer.vscode-eslint"},"activationEvent":"*"}
[2019-12-17 09:44:56.774] [exthost] [info] ExtensionService#loadCommonJSModule file:///home/mauroslucios/.vscode/extensions/dbaeumer.vscode-eslint-2.0.6/client/out/extension
[2019-12-17 09:44:56.806] [exthost] [info] ExtensionService#_doActivateExtension eamodio.gitlens {"startup":true,"extensionId":{"value":"eamodio.gitlens","_lower":"eamodio.gitlens"},"activationEvent":"*"}
[2019-12-17 09:44:56.806] [exthost] [info] ExtensionService#loadCommonJSModule file:///home/mauroslucios/.vscode/extensions/eamodio.gitlens-10.2.0/dist/extension
[2019-12-17 09:44:56.881] [exthost] [info] ExtensionService#_doActivateExtension EditorConfig.EditorConfig {"startup":true,"extensionId":{"value":"EditorConfig.EditorConfig","_lower":"editorconfig.editorconfig"},"activationEvent":"*"}
[2019-12-17 09:44:56.881] [exthost] [info] ExtensionService#loadCommonJSModule file:///home/mauroslucios/.vscode/extensions/editorconfig.editorconfig-0.14.3/out/editorConfigMain.js
[2019-12-17 09:44:56.896] [exthost] [info] ExtensionService#_doActivateExtension formulahendry.auto-close-tag {"startup":true,"extensionId":{"value":"formulahendry.auto-close-tag","_lower":"formulahendry.auto-close-tag"},"activationEvent":"*"}
[2019-12-17 09:44:56.896] [exthost] [info] ExtensionService#loadCommonJSModule file:///home/mauroslucios/.vscode/extensions/formulahendry.auto-close-tag-0.5.6/out/src/extension
[2019-12-17 09:44:56.896] [exthost] [info] ExtensionService#_doActivateExtension formulahendry.auto-rename-tag {"startup":true,"extensionId":{"value":"formulahendry.auto-rename-tag","_lower":"formulahendry.auto-rename-tag"},"activationEvent":"*"}
[2019-12-17 09:44:56.896] [exthost] [info] ExtensionService#loadCommonJSModule file:///home/mauroslucios/.vscode/extensions/formulahendry.auto-rename-tag-0.1.1/out/src/extension
[2019-12-17 09:44:56.899] [exthost] [info] ExtensionService#_doActivateExtension jakethashi.vscode-angular2-emmet {"startup":true,"extensionId":{"value":"jakethashi.vscode-angular2-emmet","_lower":"jakethashi.vscode-angular2-emmet"},"activationEvent":"*"}
[2019-12-17 09:44:56.899] [exthost] [info] ExtensionService#loadCommonJSModule file:///home/mauroslucios/.vscode/extensions/jakethashi.vscode-angular2-emmet-2.0.3/out/src/extension
[2019-12-17 09:44:56.970] [exthost] [info] ExtensionService#_doActivateExtension kamikillerto.vscode-colorize {"startup":true,"extensionId":{"value":"kamikillerto.vscode-colorize","_lower":"kamikillerto.vscode-colorize"},"activationEvent":"*"}
[2019-12-17 09:44:56.970] [exthost] [info] ExtensionService#loadCommonJSModule file:///home/mauroslucios/.vscode/extensions/kamikillerto.vscode-colorize-0.8.15/out/src/extension
[2019-12-17 09:44:56.995] [exthost] [info] ExtensionService#_doActivateExtension kevinkyang.auto-comment-blocks {"startup":true,"extensionId":{"value":"kevinkyang.auto-comment-blocks","_lower":"kevinkyang.auto-comment-blocks"},"activationEvent":"*"}
[2019-12-17 09:44:56.995] [exthost] [info] ExtensionService#loadCommonJSModule file:///home/mauroslucios/.vscode/extensions/kevinkyang.auto-comment-blocks-1.0.1/out/src/extension
[2019-12-17 09:44:56.997] [exthost] [info] ExtensionService#_doActivateExtension KnisterPeter.vscode-github {"startup":true,"extensionId":{"value":"KnisterPeter.vscode-github","_lower":"knisterpeter.vscode-github"},"activationEvent":"*"}
[2019-12-17 09:44:56.997] [exthost] [info] ExtensionService#loadCommonJSModule file:///home/mauroslucios/.vscode/extensions/knisterpeter.vscode-github-0.30.3/out/src/main
[2019-12-17 09:44:57.149] [exthost] [info] ExtensionService#_doActivateExtension LaurentTreguier.vscode-simple-icons {"startup":true,"extensionId":{"value":"LaurentTreguier.vscode-simple-icons","_lower":"laurenttreguier.vscode-simple-icons"},"activationEvent":"*"}
[2019-12-17 09:44:57.149] [exthost] [info] ExtensionService#loadCommonJSModule file:///home/mauroslucios/.vscode/extensions/laurenttreguier.vscode-simple-icons-1.11.11/out/extension
[2019-12-17 09:44:57.150] [exthost] [info] ExtensionService#_doActivateExtension mcright.auto-save {"startup":true,"extensionId":{"value":"mcright.auto-save","_lower":"mcright.auto-save"},"activationEvent":"*"}
[2019-12-17 09:44:57.150] [exthost] [info] ExtensionService#loadCommonJSModule file:///home/mauroslucios/.vscode/extensions/mcright.auto-save-1.0.3/extension.js
[2019-12-17 09:44:57.156] [exthost] [info] ExtensionService#_doActivateExtension ms-vscode.sublime-keybindings {"startup":true,"extensionId":{"value":"ms-vscode.sublime-keybindings","_lower":"ms-vscode.sublime-keybindings"},"activationEvent":"*"}
[2019-12-17 09:44:57.156] [exthost] [info] ExtensionService#loadCommonJSModule file:///home/mauroslucios/.vscode/extensions/ms-vscode.sublime-keybindings-4.0.6/out/extension
[2019-12-17 09:44:57.160] [exthost] [info] ExtensionService#_doActivateExtension ms-vsliveshare.vsliveshare {"startup":true,"extensionId":{"value":"ms-vsliveshare.vsliveshare","_lower":"ms-vsliveshare.vsliveshare"},"activationEvent":"*"}
[2019-12-17 09:44:57.160] [exthost] [info] ExtensionService#loadCommonJSModule file:///home/mauroslucios/.vscode/extensions/ms-vsliveshare.vsliveshare-1.0.1377/out/prod/extension-prod
[2019-12-17 09:44:57.392] [exthost] [info] ExtensionService#_doActivateExtension PKief.material-icon-theme {"startup":true,"extensionId":{"value":"PKief.material-icon-theme","_lower":"pkief.material-icon-theme"},"activationEvent":"*"}
[2019-12-17 09:44:57.392] [exthost] [info] ExtensionService#loadCommonJSModule file:///home/mauroslucios/.vscode/extensions/pkief.material-icon-theme-3.9.2/dist/extension
[2019-12-17 09:44:57.397] [exthost] [info] ExtensionService#_doActivateExtension ritwickdey.LiveServer {"startup":true,"extensionId":{"value":"ritwickdey.LiveServer","_lower":"ritwickdey.liveserver"},"activationEvent":"*"}
[2019-12-17 09:44:57.397] [exthost] [info] ExtensionService#loadCommonJSModule file:///home/mauroslucios/.vscode/extensions/ritwickdey.liveserver-5.6.1/out/src/extension
[2019-12-17 09:44:57.636] [exthost] [info] ExtensionService#_doActivateExtension Shan.code-settings-sync {"startup":true,"extensionId":{"value":"Shan.code-settings-sync","_lower":"shan.code-settings-sync"},"activationEvent":"*"}
[2019-12-17 09:44:57.637] [exthost] [info] ExtensionService#loadCommonJSModule file:///home/mauroslucios/.vscode/extensions/shan.code-settings-sync-3.4.3/out/extension.js
[2019-12-17 09:44:57.757] [exthost] [info] ExtensionService#_doActivateExtension shyykoserhiy.vscode-spotify {"startup":true,"extensionId":{"value":"shyykoserhiy.vscode-spotify","_lower":"shyykoserhiy.vscode-spotify"},"activationEvent":"*"}
[2019-12-17 09:44:57.758] [exthost] [info] ExtensionService#loadCommonJSModule file:///home/mauroslucios/.vscode/extensions/shyykoserhiy.vscode-spotify-3.1.0/out/src/extension
[2019-12-17 09:44:57.953] [exthost] [info] ExtensionService#_doActivateExtension Sophisticode.php-formatter {"startup":true,"extensionId":{"value":"Sophisticode.php-formatter","_lower":"sophisticode.php-formatter"},"activationEvent":"*"}
[2019-12-17 09:44:57.953] [exthost] [info] ExtensionService#loadCommonJSModule file:///home/mauroslucios/.vscode/extensions/sophisticode.php-formatter-0.2.4/out/extension
[2019-12-17 09:44:57.961] [exthost] [info] ExtensionService#_doActivateExtension sporiley.css-auto-prefix {"startup":true,"extensionId":{"value":"sporiley.css-auto-prefix","_lower":"sporiley.css-auto-prefix"},"activationEvent":"*"}
[2019-12-17 09:44:57.961] [exthost] [info] ExtensionService#loadCommonJSModule file:///home/mauroslucios/.vscode/extensions/sporiley.css-auto-prefix-0.1.7/extension
[2019-12-17 09:44:57.962] [exthost] [info] ExtensionService#_doActivateExtension vscode-icons-team.vscode-icons {"startup":true,"extensionId":{"value":"vscode-icons-team.vscode-icons","_lower":"vscode-icons-team.vscode-icons"},"activationEvent":"*"}
[2019-12-17 09:44:57.962] [exthost] [info] ExtensionService#loadCommonJSModule file:///home/mauroslucios/.vscode/extensions/vscode-icons-team.vscode-icons-9.6.0/dist/src/vscode-icons.bundle.js
[2019-12-17 09:44:57.982] [exthost] [info] ExtensionService#_doActivateExtension YouMayCallMeV.vscode-java-saber {"startup":true,"extensionId":{"value":"YouMayCallMeV.vscode-java-saber","_lower":"youmaycallmev.vscode-java-saber"},"activationEvent":"*"}
[2019-12-17 09:44:57.982] [exthost] [info] ExtensionService#loadCommonJSModule file:///home/mauroslucios/.vscode/extensions/youmaycallmev.vscode-java-saber-0.1.1/extension
[2019-12-17 09:44:58.073] [exthost] [info] ExtensionService#_doActivateExtension vscode.npm {"startup":true,"extensionId":{"value":"vscode.npm","_lower":"vscode.npm"},"activationEvent":"workspaceContains:package.json"}
[2019-12-17 09:44:58.073] [exthost] [info] ExtensionService#loadCommonJSModule file:///usr/share/code/resources/app/extensions/npm/dist/main
[2019-12-17 09:44:58.421] [exthost] [info] ExtensionService#_doActivateExtension GitHub.vscode-pull-request-github {"startup":false,"extensionId":{"value":"GitHub.vscode-pull-request-github","_lower":"github.vscode-pull-request-github"},"activationEvent":"*"}
[2019-12-17 09:44:58.421] [exthost] [info] ExtensionService#loadCommonJSModule file:///home/mauroslucios/.vscode/extensions/github.vscode-pull-request-github-0.13.0/media/extension
[2019-12-17 09:44:58.587] [exthost] [info] eager extensions activated
[2019-12-17 09:45:04.955] [exthost] [info] ExtensionService#_doActivateExtension vscode.configuration-editing {"startup":false,"extensionId":{"value":"vscode.configuration-editing","_lower":"vscode.configuration-editing"},"activationEvent":"onLanguage:jsonc"}
[2019-12-17 09:45:04.956] [exthost] [info] ExtensionService#loadCommonJSModule file:///usr/share/code/resources/app/extensions/configuration-editing/dist/extension
[2019-12-17 09:45:04.961] [exthost] [info] ExtensionService#_doActivateExtension vscode.json-language-features {"startup":false,"extensionId":{"value":"vscode.json-language-features","_lower":"vscode.json-language-features"},"activationEvent":"onLanguage:jsonc"}
[2019-12-17 09:45:04.961] [exthost] [info] ExtensionService#loadCommonJSModule file:///usr/share/code/resources/app/extensions/json-language-features/client/dist/jsonMain
[2019-12-17 09:45:04.997] [exthost] [info] ExtensionService#_doActivateExtension vscode.typescript-language-features {"startup":false,"extensionId":{"value":"vscode.typescript-language-features","_lower":"vscode.typescript-language-features"},"activationEvent":"onLanguage:jsonc"}
[2019-12-17 09:45:04.997] [exthost] [info] ExtensionService#loadCommonJSModule file:///usr/share/code/resources/app/extensions/typescript-language-features/dist/extension
[2019-12-17 10:00:40.470] [exthost] [info] ExtensionService#_doActivateExtension vscode.html-language-features {"startup":false,"extensionId":{"value":"vscode.html-language-features","_lower":"vscode.html-language-features"},"activationEvent":"onLanguage:html"}
[2019-12-17 10:00:40.470] [exthost] [info] ExtensionService#loadCommonJSModule file:///usr/share/code/resources/app/extensions/html-language-features/client/dist/htmlMain
[2019-12-17 10:00:40.489] [exthost] [info] ExtensionService#_doActivateExtension lonefy.vscode-JS-CSS-HTML-formatter {"startup":false,"extensionId":{"value":"lonefy.vscode-JS-CSS-HTML-formatter","_lower":"lonefy.vscode-js-css-html-formatter"},"activationEvent":"onLanguage:html"}
[2019-12-17 10:00:40.489] [exthost] [info] ExtensionService#loadCommonJSModule file:///home/mauroslucios/.vscode/extensions/lonefy.vscode-js-css-html-formatter-0.2.3/out/src/extension
[2019-12-17 10:09:59.393] [exthost] [info] ExtensionService#_doActivateExtension vscode.css-language-features {"startup":false,"extensionId":{"value":"vscode.css-language-features","_lower":"vscode.css-language-features"},"activationEvent":"onLanguage:css"}
[2019-12-17 10:09:59.393] [exthost] [info] ExtensionService#loadCommonJSModule file:///usr/share/code/resources/app/extensions/css-language-features/client/dist/cssMain
[2019-12-17 10:09:59.456] [exthost] [info] ExtensionService#_doActivateExtension aeschli.vscode-css-formatter {"startup":false,"extensionId":{"value":"aeschli.vscode-css-formatter","_lower":"aeschli.vscode-css-formatter"},"activationEvent":"onLanguage:css"}
[2019-12-17 10:09:59.456] [exthost] [info] ExtensionService#loadCommonJSModule file:///home/mauroslucios/.vscode/extensions/aeschli.vscode-css-formatter-1.0.1/out/extension
[2019-12-17 10:09:59.505] [exthost] [info] ExtensionService#_doActivateExtension jsonchou.css-compact {"startup":false,"extensionId":{"value":"jsonchou.css-compact","_lower":"jsonchou.css-compact"},"activationEvent":"onLanguage:css"}
[2019-12-17 10:09:59.505] [exthost] [info] ExtensionService#loadCommonJSModule file:///home/mauroslucios/.vscode/extensions/jsonchou.css-compact-1.0.2/extension
[2019-12-17 10:09:59.516] [exthost] [info] ExtensionService#_doActivateExtension MikeBovenlander.formate {"startup":false,"extensionId":{"value":"MikeBovenlander.formate","_lower":"mikebovenlander.formate"},"activationEvent":"onLanguage:css"}
[2019-12-17 10:09:59.516] [exthost] [info] ExtensionService#loadCommonJSModule file:///home/mauroslucios/.vscode/extensions/mikebovenlander.formate-1.1.3/out/extension
[2019-12-17 11:24:21.031] [exthost] [info] ExtensionService#_doActivateExtension vscode.extension-editing {"startup":false,"extensionId":{"value":"vscode.extension-editing","_lower":"vscode.extension-editing"},"activationEvent":"onLanguage:json"}
[2019-12-17 11:24:21.032] [exthost] [info] ExtensionService#loadCommonJSModule file:///usr/share/code/resources/app/extensions/extension-editing/dist/extension
