Initializing document watcher...
turismo/src/index.html: {"insertSpaces":true,"tabSize":2}
turismo/src/index.html: {"insertSpaces":true,"tabSize":2}
turismo/src/index.html: {"insertSpaces":true,"tabSize":2}
turismo/src/index.html: Using EditorConfig core...
src/index.html: editor.action.trimTrailingWhitespace
turismo/src/index.html: Using EditorConfig core...
src/index.html: editor.action.trimTrailingWhitespace
src/index.html: insertFinalNewline(LF)
turismo/src/index.html: Using EditorConfig core...
src/index.html: editor.action.trimTrailingWhitespace
src/index.html: insertFinalNewline(LF)
turismo/src/index.html: {"insertSpaces":true,"tabSize":2}
turismo/src/index.html: {"insertSpaces":true,"tabSize":2}
turismo/src/index.html: {"insertSpaces":true,"tabSize":2}
turismo/src/index.html: {"insertSpaces":true,"tabSize":2}
turismo/src/index.html: {"insertSpaces":true,"tabSize":2}
turismo/src/index.html: Using EditorConfig core...
src/index.html: editor.action.trimTrailingWhitespace
src/index.html: insertFinalNewline(LF)
turismo/src/index.html: Using EditorConfig core...
src/index.html: editor.action.trimTrailingWhitespace
src/index.html: insertFinalNewline(LF)
turismo/src/index.html: {"insertSpaces":true,"tabSize":2}
turismo/src/index.html: {"insertSpaces":true,"tabSize":2}
turismo/src/index.html: {"insertSpaces":true,"tabSize":2}
turismo/src/index.html: {"insertSpaces":true,"tabSize":2}
turismo/src/index.html: Using EditorConfig core...
src/index.html: editor.action.trimTrailingWhitespace
src/index.html: insertFinalNewline(LF)
turismo/src/index.html: Using EditorConfig core...
src/index.html: editor.action.trimTrailingWhitespace
src/index.html: insertFinalNewline(LF)
turismo/src/index.html: {"insertSpaces":true,"tabSize":2}
turismo/src/index.html: Using EditorConfig core...
src/index.html: editor.action.trimTrailingWhitespace
src/index.html: insertFinalNewline(LF)
turismo/src/index.html: Using EditorConfig core...
src/index.html: editor.action.trimTrailingWhitespace
src/index.html: insertFinalNewline(LF)
turismo/src/index.html: {"insertSpaces":true,"tabSize":2}
turismo/src/index.html: Using EditorConfig core...
src/index.html: editor.action.trimTrailingWhitespace
src/index.html: insertFinalNewline(LF)
turismo/src/index.html: Using EditorConfig core...
src/index.html: editor.action.trimTrailingWhitespace
src/index.html: insertFinalNewline(LF)
turismo/src/index.html: Using EditorConfig core...
src/index.html: editor.action.trimTrailingWhitespace
src/index.html: insertFinalNewline(LF)
turismo/src/index.html: {"insertSpaces":true,"tabSize":2}
turismo/src/index.html: Using EditorConfig core...
src/index.html: editor.action.trimTrailingWhitespace
src/index.html: insertFinalNewline(LF)
turismo/src/index.html: Using EditorConfig core...
src/index.html: editor.action.trimTrailingWhitespace
src/index.html: insertFinalNewline(LF)
turismo/src/app/app.component.html: {"insertSpaces":true,"tabSize":2}
turismo/src/app/app.component.html: Using EditorConfig core...
src/app/app.component.html: editor.action.trimTrailingWhitespace
src/app/app.component.html: insertFinalNewline(LF)
turismo/src/app/app.component.html: {"insertSpaces":true,"tabSize":2}
turismo/src/index.html: {"insertSpaces":true,"tabSize":2}
turismo/src/index.html: Using EditorConfig core...
src/index.html: editor.action.trimTrailingWhitespace
src/index.html: insertFinalNewline(LF)
turismo/src/index.html: Using EditorConfig core...
src/index.html: editor.action.trimTrailingWhitespace
src/index.html: insertFinalNewline(LF)
turismo/src/index.html: {"insertSpaces":true,"tabSize":2}
turismo/src/app/app.component.html: {"insertSpaces":true,"tabSize":2}
turismo/src/app/app.component.html: {"insertSpaces":true,"tabSize":2}
turismo/src/app/app.component.html: {"insertSpaces":true,"tabSize":2}
turismo/src/styles.css: {"insertSpaces":true,"tabSize":2}
turismo/src/app/app.component.html: {"insertSpaces":true,"tabSize":2}
turismo/src/app/app.component.html: {"insertSpaces":true,"tabSize":2}
turismo/src/app/app.component.html: {"insertSpaces":true,"tabSize":2}
turismo/src/index.html: {"insertSpaces":true,"tabSize":2}
turismo/src/index.html: Using EditorConfig core...
src/index.html: editor.action.trimTrailingWhitespace
src/index.html: insertFinalNewline(LF)
turismo/src/index.html: Using EditorConfig core...
src/index.html: editor.action.trimTrailingWhitespace
src/index.html: insertFinalNewline(LF)
turismo/src/index.html: {"insertSpaces":true,"tabSize":2}
turismo/src/app/app.component.html: {"insertSpaces":true,"tabSize":2}
turismo/src/app/app.component.html: Using EditorConfig core...
src/app/app.component.html: editor.action.trimTrailingWhitespace
src/app/app.component.html: insertFinalNewline(LF)
turismo/src/app/app.component.html: {"insertSpaces":true,"tabSize":2}
turismo/src/app/app.component.html: {"insertSpaces":true,"tabSize":2}
turismo/src/app/app.component copy.html: {"insertSpaces":true,"tabSize":2}
turismo/src/app/app.component.html: {"insertSpaces":true,"tabSize":2}
turismo/src/app/app.component.html: {"insertSpaces":true,"tabSize":2}
turismo/src/app/app.component.html: Using EditorConfig core...
src/app/app.component.html: editor.action.trimTrailingWhitespace
src/app/app.component.html: insertFinalNewline(LF)
turismo/src/app/app.component.html: Using EditorConfig core...
src/app/app.component.html: editor.action.trimTrailingWhitespace
src/app/app.component.html: insertFinalNewline(LF)
turismo/src/app/app.component.html: {"insertSpaces":true,"tabSize":2}
turismo/src/app/app.component copy.html: {"insertSpaces":true,"tabSize":2}
turismo/src/app/app.component copy.html: {"insertSpaces":true,"tabSize":2}
turismo/src/app/app.component copy.html: {"insertSpaces":true,"tabSize":2}
turismo/src/app/app.component copy.html: {"insertSpaces":true,"tabSize":2}
turismo/src/app/app.component.html: {"insertSpaces":true,"tabSize":2}
turismo/src/app/app.component copy.html: {"insertSpaces":true,"tabSize":2}
turismo/src/index.html: {"insertSpaces":true,"tabSize":2}
turismo/src/index.html: {"insertSpaces":true,"tabSize":2}
turismo/src/index.html: {"insertSpaces":true,"tabSize":2}
turismo/src/index.html: {"insertSpaces":true,"tabSize":2}
turismo/src/index.html: {"insertSpaces":true,"tabSize":2}
turismo/src/index.html: {"insertSpaces":true,"tabSize":2}
turismo/src/index.html: {"insertSpaces":true,"tabSize":2}
turismo/src/index.html: {"insertSpaces":true,"tabSize":2}
turismo/src/app/app.component.html: {"insertSpaces":true,"tabSize":2}
turismo/src/app/app.component.html: Using EditorConfig core...
src/app/app.component.html: editor.action.trimTrailingWhitespace
turismo/src/app/app.component.html: {"insertSpaces":true,"tabSize":2}
turismo/src/app/app.component.html: Using EditorConfig core...
src/app/app.component.html: editor.action.trimTrailingWhitespace
src/app/app.component.html: insertFinalNewline(LF)
turismo/src/app/app.component.html: Using EditorConfig core...
src/app/app.component.html: editor.action.trimTrailingWhitespace
src/app/app.component.html: insertFinalNewline(LF)
turismo/src/app/app.component.html: {"insertSpaces":true,"tabSize":2}
turismo/src/app/app.component.html: {"insertSpaces":true,"tabSize":2}
turismo/src/app/app.component.html: {"insertSpaces":true,"tabSize":2}
turismo/src/app/app.component.html: {"insertSpaces":true,"tabSize":2}
turismo/src/app/app.component.html: {"insertSpaces":true,"tabSize":2}
turismo/angular.json: {"insertSpaces":true,"tabSize":2}
turismo/angular.json: {"insertSpaces":true,"tabSize":2}
turismo/angular.json: {"insertSpaces":true,"tabSize":2}
